C51 COMPILER V9.00   LED_CONTROL_USING_BLUETOOTH                                           08/25/2016 18:15:17 PAGE 1   


C51 COMPILER V9.00, COMPILATION OF MODULE LED_CONTROL_USING_BLUETOOTH
OBJECT MODULE PLACED IN LED_Control_using_Bluetooth.OBJ
COMPILER INVOKED BY: C:\Keil\C51\BIN\C51.EXE LED_Control_using_Bluetooth.c BROWSE DEBUG OBJECTEXTEND

line level    source

   1          /*
   2                  HC-05 Bluetooth interfacing with 8051 to control LED via smartphone
   3                  http://www.electronicwings.com
   4          
   5          */
   6          
   7          #include <reg51.h>
   8          #include "UART_H_file.h"                            /* include UART library */
   9          
  10          sbit LED=P1^0;
  11          
  12          void main()
  13          {
  14   1              char Data_in;
  15   1              UART_Init();                                            /* initialize UART */
  16   1              P1 = 0;                                                         /* clear port initially */
  17   1              LED = 0;                                                        /* initially LED turn OFF */
  18   1              while(1)
  19   1              {
  20   2                      Data_in = UART_RxChar();                        /* receive char serially */
  21   2                      if(Data_in == '1')
  22   2                      {
  23   3                                LED = 1;                                              /* turn ON LED */
  24   3                                UART_SendString("LED_ON");    /* send status of LED*/
  25   3                      }
  26   2                      else if(Data_in == '2')
  27   2                      {
  28   3                                LED=0;                                                /* turn OFF LED */
  29   3                                UART_SendString("LED_OFF");   /* send status of LED*/
  30   3                      
  31   3                      }
  32   2                      else
  33   2                              UART_SendString("Select proper option");        /* send msg to select proper option */  
  34   2              
  35   2              }
  36   1      
  37   1      
  38   1      
  39   1      }


MODULE INFORMATION:   STATIC OVERLAYABLE
   CODE SIZE        =     57    ----
   CONSTANT SIZE    =     36    ----
   XDATA SIZE       =   ----    ----
   PDATA SIZE       =   ----    ----
   DATA SIZE        =   ----       1
   IDATA SIZE       =   ----    ----
   BIT SIZE         =   ----    ----
END OF MODULE INFORMATION.


C51 COMPILATION COMPLETE.  0 WARNING(S),  0 ERROR(S)
