C51 COMPILER V9.00   UART_C_FILE                                                           08/25/2016 18:15:18 PAGE 1   


C51 COMPILER V9.00, COMPILATION OF MODULE UART_C_FILE
OBJECT MODULE PLACED IN UART_C_file.OBJ
COMPILER INVOKED BY: C:\Keil\C51\BIN\C51.EXE UART_C_file.c BROWSE DEBUG OBJECTEXTEND

line level    source

   6          
   7          #include"UART_H_file.h"
   8          
   9          void UART_Init()
  10          {
  11   1              TMOD = 0x20;
  12   1              TH1 = 0xFD;
  13   1              SCON = 0x50;
  14   1              TR1 = 1;
  15   1      }
  16          
  17          void UART_TxChar(char Data)
  18          {
  19   1              SBUF = Data;
  20   1              while (TI==0);
  21   1              TI = 0;
  22   1      }
  23          
  24          char UART_RxChar()
  25          {
  26   1              char dat;
  27   1              while (RI==0);
  28   1              RI = 0;
  29   1              dat = SBUF;
  30   1              return(dat);
  31   1      }
  32                  
  33          void UART_SendString(char *str)
  34          {
  35   1           int i;
  36   1           for(i=0;str[i]!=0;i++)
  37   1                      {
  38   2               UART_TxChar(str[i]);
  39   2          }
  40   1      }


MODULE INFORMATION:   STATIC OVERLAYABLE
   CODE SIZE        =     64    ----
   CONSTANT SIZE    =   ----    ----
   XDATA SIZE       =   ----    ----
   PDATA SIZE       =   ----    ----
   DATA SIZE        =   ----       3
   IDATA SIZE       =   ----    ----
   BIT SIZE         =   ----    ----
END OF MODULE INFORMATION.


C51 COMPILATION COMPLETE.  0 WARNING(S),  0 ERROR(S)
